WARNING:root:DUGA has crashed. Please send this report to MaxwellSalmon, so he can fix it.
ERROR:root:Error message: 
Traceback (most recent call last):
  File "C:\Python34\Portfolio\PyGame\DUGA\MAIN.py", line 409, in main_loop
    render_screen(gameCanvas.canvas)
  File "C:\Python34\Portfolio\PyGame\DUGA\MAIN.py", line 294, in render_screen
    gameHUD.render(gameCanvas.window)
  File "C:\Python34\Portfolio\PyGame\DUGA\HUD.py", line 39, in render
    self.arrow = pygame.transform.rotate(self.arrow, SETTINGS.end_angle)
pygame.error: Width or height is too large
WARNING:root:DUGA has crashed. Please send this report to MaxwellSalmon, so he can fix it.
ERROR:root:Error message: 
Traceback (most recent call last):
  File "C:\Python34\Portfolio\PyGame\DUGA\MAIN.py", line 410, in main_loop
    render_screen(gameCanvas.canvas)
  File "C:\Python34\Portfolio\PyGame\DUGA\MAIN.py", line 295, in render_screen
    gameHUD.render(gameCanvas.window)
  File "C:\Python34\Portfolio\PyGame\DUGA\HUD.py", line 42, in render
    self.arrow = pygame.transform.rotate(self.arrow, 45)
pygame.error: Width or height is too large
